[2025-12-24 08:51:09] local.ERROR: The D:\Xampp\htdocs\Quanlykho_Barcode\bootstrap\cache directory must be present and writable. {"exception":"[object] (Exception(code: 0): The D:\\Xampp\\htdocs\\Quanlykho_Barcode\\bootstrap\\cache directory must be present and writable. at D:\\Xampp\\htdocs\\Quanlykho_Barcode\\vendor\\laravel\\framework\\src\\Illuminate\\Foundation\\PackageManifest.php:179)
[stacktrace]
#0 D:\\Xampp\\htdocs\\Quanlykho_Barcode\\vendor\\laravel\\framework\\src\\Illuminate\\Foundation\\PackageManifest.php(132): Illuminate\\Foundation\\PackageManifest->write(Array)
#1 D:\\Xampp\\htdocs\\Quanlykho_Barcode\\vendor\\laravel\\framework\\src\\Illuminate\\Foundation\\PackageManifest.php(108): Illuminate\\Foundation\\PackageManifest->build()
#2 D:\\Xampp\\htdocs\\Quanlykho_Barcode\\vendor\\laravel\\framework\\src\\Illuminate\\Foundation\\PackageManifest.php(91): Illuminate\\Foundation\\PackageManifest->getManifest()
#3 D:\\Xampp\\htdocs\\Quanlykho_Barcode\\vendor\\laravel\\framework\\src\\Illuminate\\Foundation\\PackageManifest.php(80): Illuminate\\Foundation\\PackageManifest->config('aliases')
#4 D:\\Xampp\\htdocs\\Quanlykho_Barcode\\vendor\\laravel\\framework\\src\\Illuminate\\Foundation\\Bootstrap\\RegisterFacades.php(26): Illuminate\\Foundation\\PackageManifest->aliases()
#5 D:\\Xampp\\htdocs\\Quanlykho_Barcode\\vendor\\laravel\\framework\\src\\Illuminate\\Foundation\\Application.php(342): Illuminate\\Foundation\\Bootstrap\\RegisterFacades->bootstrap(Object(Illuminate\\Foundation\\Application))
#6 D:\\Xampp\\htdocs\\Quanlykho_Barcode\\vendor\\laravel\\framework\\src\\Illuminate\\Foundation\\Console\\Kernel.php(474): Illuminate\\Foundation\\Application->bootstrapWith(Array)
#7 D:\\Xampp\\htdocs\\Quanlykho_Barcode\\vendor\\laravel\\framework\\src\\Illuminate\\Foundation\\Console\\Kernel.php(196): Illuminate\\Foundation\\Console\\Kernel->bootstrap()
#8 D:\\Xampp\\htdocs\\Quanlykho_Barcode\\artisan(14): Illuminate\\Foundation\\Console\\Kernel->handle(Object(Symfony\\Component\\Console\\Input\\ArgvInput), Object(Symfony\\Component\\Console\\Output\\ConsoleOutput))
#9 {main}
"} 
[2025-12-24 09:19:38] local.ERROR: Target class [cache] does not exist. {"exception":"[object] (Illuminate\\Contracts\\Container\\BindingResolutionException(code: 0): Target class [cache] does not exist. at D:\\Xampp\\htdocs\\Quanlykho_Barcode\\vendor\\laravel\\framework\\src\\Illuminate\\Container\\Container.php:961)
[stacktrace]
#0 D:\\Xampp\\htdocs\\Quanlykho_Barcode\\vendor\\laravel\\framework\\src\\Illuminate\\Container\\Container.php(832): Illuminate\\Container\\Container->build('cache')
#1 D:\\Xampp\\htdocs\\Quanlykho_Barcode\\vendor\\laravel\\framework\\src\\Illuminate\\Foundation\\Application.php(1078): Illuminate\\Container\\Container->resolve('cache', Array, true)
#2 D:\\Xampp\\htdocs\\Quanlykho_Barcode\\vendor\\laravel\\framework\\src\\Illuminate\\Container\\Container.php(763): Illuminate\\Foundation\\Application->resolve('cache', Array)
#3 D:\\Xampp\\htdocs\\Quanlykho_Barcode\\vendor\\laravel\\framework\\src\\Illuminate\\Foundation\\Application.php(1058): Illuminate\\Container\\Container->make('cache', Array)
#4 D:\\Xampp\\htdocs\\Quanlykho_Barcode\\vendor\\laravel\\framework\\src\\Illuminate\\Container\\Container.php(1580): Illuminate\\Foundation\\Application->make('cache')
#5 D:\\Xampp\\htdocs\\Quanlykho_Barcode\\vendor\\laravel\\framework\\src\\Illuminate\\Foundation\\Providers\\ArtisanServiceProvider.php(291): Illuminate\\Container\\Container->offsetGet('cache')
#6 D:\\Xampp\\htdocs\\Quanlykho_Barcode\\vendor\\laravel\\framework\\src\\Illuminate\\Container\\Container.php(952): Illuminate\\Foundation\\Providers\\ArtisanServiceProvider->Illuminate\\Foundation\\Providers\\{closure}(Object(Illuminate\\Foundation\\Application), Array)
#7 D:\\Xampp\\htdocs\\Quanlykho_Barcode\\vendor\\laravel\\framework\\src\\Illuminate\\Container\\Container.php(832): Illuminate\\Container\\Container->build(Object(Closure))
#8 D:\\Xampp\\htdocs\\Quanlykho_Barcode\\vendor\\laravel\\framework\\src\\Illuminate\\Foundation\\Application.php(1078): Illuminate\\Container\\Container->resolve('Illuminate\\\\Cach...', Array, true)
#9 D:\\Xampp\\htdocs\\Quanlykho_Barcode\\vendor\\laravel\\framework\\src\\Illuminate\\Container\\Container.php(777): Illuminate\\Foundation\\Application->resolve('Illuminate\\\\Cach...')
#10 D:\\Xampp\\htdocs\\Quanlykho_Barcode\\vendor\\laravel\\framework\\src\\Illuminate\\Console\\ContainerCommandLoader.php(53): Illuminate\\Container\\Container->get('Illuminate\\\\Cach...')
#11 D:\\Xampp\\htdocs\\Quanlykho_Barcode\\vendor\\symfony\\console\\Application.php(642): Illuminate\\Console\\ContainerCommandLoader->get('cache:clear')
#12 D:\\Xampp\\htdocs\\Quanlykho_Barcode\\vendor\\symfony\\console\\Application.php(831): Symfony\\Component\\Console\\Application->has('cache:clear')
#13 D:\\Xampp\\htdocs\\Quanlykho_Barcode\\vendor\\symfony\\console\\Application.php(655): Symfony\\Component\\Console\\Application->all()
#14 D:\\Xampp\\htdocs\\Quanlykho_Barcode\\vendor\\symfony\\console\\Application.php(677): Symfony\\Component\\Console\\Application->getNamespaces()
#15 D:\\Xampp\\htdocs\\Quanlykho_Barcode\\vendor\\symfony\\console\\Application.php(332): Symfony\\Component\\Console\\Application->findNamespace('test')
#16 D:\\Xampp\\htdocs\\Quanlykho_Barcode\\vendor\\symfony\\console\\Application.php(195): Symfony\\Component\\Console\\Application->doRun(Object(Symfony\\Component\\Console\\Input\\ArgvInput), Object(Symfony\\Component\\Console\\Output\\ConsoleOutput))
#17 D:\\Xampp\\htdocs\\Quanlykho_Barcode\\vendor\\laravel\\framework\\src\\Illuminate\\Foundation\\Console\\Kernel.php(198): Symfony\\Component\\Console\\Application->run(Object(Symfony\\Component\\Console\\Input\\ArgvInput), Object(Symfony\\Component\\Console\\Output\\ConsoleOutput))
#18 D:\\Xampp\\htdocs\\Quanlykho_Barcode\\artisan(14): Illuminate\\Foundation\\Console\\Kernel->handle(Object(Symfony\\Component\\Console\\Input\\ArgvInput), Object(Symfony\\Component\\Console\\Output\\ConsoleOutput))
#19 {main}

[previous exception] [object] (ReflectionException(code: -1): Class \"cache\" does not exist at D:\\Xampp\\htdocs\\Quanlykho_Barcode\\vendor\\laravel\\framework\\src\\Illuminate\\Container\\Container.php:959)
[stacktrace]
#0 D:\\Xampp\\htdocs\\Quanlykho_Barcode\\vendor\\laravel\\framework\\src\\Illuminate\\Container\\Container.php(959): ReflectionClass->__construct('cache')
#1 D:\\Xampp\\htdocs\\Quanlykho_Barcode\\vendor\\laravel\\framework\\src\\Illuminate\\Container\\Container.php(832): Illuminate\\Container\\Container->build('cache')
#2 D:\\Xampp\\htdocs\\Quanlykho_Barcode\\vendor\\laravel\\framework\\src\\Illuminate\\Foundation\\Application.php(1078): Illuminate\\Container\\Container->resolve('cache', Array, true)
#3 D:\\Xampp\\htdocs\\Quanlykho_Barcode\\vendor\\laravel\\framework\\src\\Illuminate\\Container\\Container.php(763): Illuminate\\Foundation\\Application->resolve('cache', Array)
#4 D:\\Xampp\\htdocs\\Quanlykho_Barcode\\vendor\\laravel\\framework\\src\\Illuminate\\Foundation\\Application.php(1058): Illuminate\\Container\\Container->make('cache', Array)
#5 D:\\Xampp\\htdocs\\Quanlykho_Barcode\\vendor\\laravel\\framework\\src\\Illuminate\\Container\\Container.php(1580): Illuminate\\Foundation\\Application->make('cache')
#6 D:\\Xampp\\htdocs\\Quanlykho_Barcode\\vendor\\laravel\\framework\\src\\Illuminate\\Foundation\\Providers\\ArtisanServiceProvider.php(291): Illuminate\\Container\\Container->offsetGet('cache')
#7 D:\\Xampp\\htdocs\\Quanlykho_Barcode\\vendor\\laravel\\framework\\src\\Illuminate\\Container\\Container.php(952): Illuminate\\Foundation\\Providers\\ArtisanServiceProvider->Illuminate\\Foundation\\Providers\\{closure}(Object(Illuminate\\Foundation\\Application), Array)
#8 D:\\Xampp\\htdocs\\Quanlykho_Barcode\\vendor\\laravel\\framework\\src\\Illuminate\\Container\\Container.php(832): Illuminate\\Container\\Container->build(Object(Closure))
#9 D:\\Xampp\\htdocs\\Quanlykho_Barcode\\vendor\\laravel\\framework\\src\\Illuminate\\Foundation\\Application.php(1078): Illuminate\\Container\\Container->resolve('Illuminate\\\\Cach...', Array, true)
#10 D:\\Xampp\\htdocs\\Quanlykho_Barcode\\vendor\\laravel\\framework\\src\\Illuminate\\Container\\Container.php(777): Illuminate\\Foundation\\Application->resolve('Illuminate\\\\Cach...')
#11 D:\\Xampp\\htdocs\\Quanlykho_Barcode\\vendor\\laravel\\framework\\src\\Illuminate\\Console\\ContainerCommandLoader.php(53): Illuminate\\Container\\Container->get('Illuminate\\\\Cach...')
#12 D:\\Xampp\\htdocs\\Quanlykho_Barcode\\vendor\\symfony\\console\\Application.php(642): Illuminate\\Console\\ContainerCommandLoader->get('cache:clear')
#13 D:\\Xampp\\htdocs\\Quanlykho_Barcode\\vendor\\symfony\\console\\Application.php(831): Symfony\\Component\\Console\\Application->has('cache:clear')
#14 D:\\Xampp\\htdocs\\Quanlykho_Barcode\\vendor\\symfony\\console\\Application.php(655): Symfony\\Component\\Console\\Application->all()
#15 D:\\Xampp\\htdocs\\Quanlykho_Barcode\\vendor\\symfony\\console\\Application.php(677): Symfony\\Component\\Console\\Application->getNamespaces()
#16 D:\\Xampp\\htdocs\\Quanlykho_Barcode\\vendor\\symfony\\console\\Application.php(332): Symfony\\Component\\Console\\Application->findNamespace('test')
#17 D:\\Xampp\\htdocs\\Quanlykho_Barcode\\vendor\\symfony\\console\\Application.php(195): Symfony\\Component\\Console\\Application->doRun(Object(Symfony\\Component\\Console\\Input\\ArgvInput), Object(Symfony\\Component\\Console\\Output\\ConsoleOutput))
#18 D:\\Xampp\\htdocs\\Quanlykho_Barcode\\vendor\\laravel\\framework\\src\\Illuminate\\Foundation\\Console\\Kernel.php(198): Symfony\\Component\\Console\\Application->run(Object(Symfony\\Component\\Console\\Input\\ArgvInput), Object(Symfony\\Component\\Console\\Output\\ConsoleOutput))
#19 D:\\Xampp\\htdocs\\Quanlykho_Barcode\\artisan(14): Illuminate\\Foundation\\Console\\Kernel->handle(Object(Symfony\\Component\\Console\\Input\\ArgvInput), Object(Symfony\\Component\\Console\\Output\\ConsoleOutput))
#20 {main}
"} 
[2025-12-24 09:20:07] local.ERROR: Target class [queue.listener] does not exist. {"exception":"[object] (Illuminate\\Contracts\\Container\\BindingResolutionException(code: 0): Target class [queue.listener] does not exist. at D:\\Xampp\\htdocs\\Quanlykho_Barcode\\vendor\\laravel\\framework\\src\\Illuminate\\Container\\Container.php:961)
[stacktrace]
#0 D:\\Xampp\\htdocs\\Quanlykho_Barcode\\vendor\\laravel\\framework\\src\\Illuminate\\Container\\Container.php(832): Illuminate\\Container\\Container->build('queue.listener')
#1 D:\\Xampp\\htdocs\\Quanlykho_Barcode\\vendor\\laravel\\framework\\src\\Illuminate\\Foundation\\Application.php(1078): Illuminate\\Container\\Container->resolve('queue.listener', Array, true)
#2 D:\\Xampp\\htdocs\\Quanlykho_Barcode\\vendor\\laravel\\framework\\src\\Illuminate\\Container\\Container.php(763): Illuminate\\Foundation\\Application->resolve('queue.listener', Array)
#3 D:\\Xampp\\htdocs\\Quanlykho_Barcode\\vendor\\laravel\\framework\\src\\Illuminate\\Foundation\\Application.php(1058): Illuminate\\Container\\Container->make('queue.listener', Array)
#4 D:\\Xampp\\htdocs\\Quanlykho_Barcode\\vendor\\laravel\\framework\\src\\Illuminate\\Container\\Container.php(1580): Illuminate\\Foundation\\Application->make('queue.listener')
#5 D:\\Xampp\\htdocs\\Quanlykho_Barcode\\vendor\\laravel\\framework\\src\\Illuminate\\Foundation\\Providers\\ArtisanServiceProvider.php(649): Illuminate\\Container\\Container->offsetGet('queue.listener')
#6 D:\\Xampp\\htdocs\\Quanlykho_Barcode\\vendor\\laravel\\framework\\src\\Illuminate\\Container\\Container.php(952): Illuminate\\Foundation\\Providers\\ArtisanServiceProvider->Illuminate\\Foundation\\Providers\\{closure}(Object(Illuminate\\Foundation\\Application), Array)
#7 D:\\Xampp\\htdocs\\Quanlykho_Barcode\\vendor\\laravel\\framework\\src\\Illuminate\\Container\\Container.php(832): Illuminate\\Container\\Container->build(Object(Closure))
#8 D:\\Xampp\\htdocs\\Quanlykho_Barcode\\vendor\\laravel\\framework\\src\\Illuminate\\Foundation\\Application.php(1078): Illuminate\\Container\\Container->resolve('Illuminate\\\\Queu...', Array, true)
#9 D:\\Xampp\\htdocs\\Quanlykho_Barcode\\vendor\\laravel\\framework\\src\\Illuminate\\Container\\Container.php(777): Illuminate\\Foundation\\Application->resolve('Illuminate\\\\Queu...')
#10 D:\\Xampp\\htdocs\\Quanlykho_Barcode\\vendor\\laravel\\framework\\src\\Illuminate\\Console\\ContainerCommandLoader.php(53): Illuminate\\Container\\Container->get('Illuminate\\\\Queu...')
#11 D:\\Xampp\\htdocs\\Quanlykho_Barcode\\vendor\\symfony\\console\\Application.php(642): Illuminate\\Console\\ContainerCommandLoader->get('queue:listen')
#12 D:\\Xampp\\htdocs\\Quanlykho_Barcode\\vendor\\symfony\\console\\Application.php(831): Symfony\\Component\\Console\\Application->has('queue:listen')
#13 D:\\Xampp\\htdocs\\Quanlykho_Barcode\\vendor\\symfony\\console\\Application.php(655): Symfony\\Component\\Console\\Application->all()
#14 D:\\Xampp\\htdocs\\Quanlykho_Barcode\\vendor\\symfony\\console\\Application.php(677): Symfony\\Component\\Console\\Application->getNamespaces()
#15 D:\\Xampp\\htdocs\\Quanlykho_Barcode\\vendor\\symfony\\console\\Application.php(332): Symfony\\Component\\Console\\Application->findNamespace('test')
#16 D:\\Xampp\\htdocs\\Quanlykho_Barcode\\vendor\\symfony\\console\\Application.php(195): Symfony\\Component\\Console\\Application->doRun(Object(Symfony\\Component\\Console\\Input\\ArgvInput), Object(Symfony\\Component\\Console\\Output\\ConsoleOutput))
#17 D:\\Xampp\\htdocs\\Quanlykho_Barcode\\vendor\\laravel\\framework\\src\\Illuminate\\Foundation\\Console\\Kernel.php(198): Symfony\\Component\\Console\\Application->run(Object(Symfony\\Component\\Console\\Input\\ArgvInput), Object(Symfony\\Component\\Console\\Output\\ConsoleOutput))
#18 D:\\Xampp\\htdocs\\Quanlykho_Barcode\\artisan(14): Illuminate\\Foundation\\Console\\Kernel->handle(Object(Symfony\\Component\\Console\\Input\\ArgvInput), Object(Symfony\\Component\\Console\\Output\\ConsoleOutput))
#19 {main}

[previous exception] [object] (ReflectionException(code: -1): Class \"queue.listener\" does not exist at D:\\Xampp\\htdocs\\Quanlykho_Barcode\\vendor\\laravel\\framework\\src\\Illuminate\\Container\\Container.php:959)
[stacktrace]
#0 D:\\Xampp\\htdocs\\Quanlykho_Barcode\\vendor\\laravel\\framework\\src\\Illuminate\\Container\\Container.php(959): ReflectionClass->__construct('queue.listener')
#1 D:\\Xampp\\htdocs\\Quanlykho_Barcode\\vendor\\laravel\\framework\\src\\Illuminate\\Container\\Container.php(832): Illuminate\\Container\\Container->build('queue.listener')
#2 D:\\Xampp\\htdocs\\Quanlykho_Barcode\\vendor\\laravel\\framework\\src\\Illuminate\\Foundation\\Application.php(1078): Illuminate\\Container\\Container->resolve('queue.listener', Array, true)
#3 D:\\Xampp\\htdocs\\Quanlykho_Barcode\\vendor\\laravel\\framework\\src\\Illuminate\\Container\\Container.php(763): Illuminate\\Foundation\\Application->resolve('queue.listener', Array)
#4 D:\\Xampp\\htdocs\\Quanlykho_Barcode\\vendor\\laravel\\framework\\src\\Illuminate\\Foundation\\Application.php(1058): Illuminate\\Container\\Container->make('queue.listener', Array)
#5 D:\\Xampp\\htdocs\\Quanlykho_Barcode\\vendor\\laravel\\framework\\src\\Illuminate\\Container\\Container.php(1580): Illuminate\\Foundation\\Application->make('queue.listener')
#6 D:\\Xampp\\htdocs\\Quanlykho_Barcode\\vendor\\laravel\\framework\\src\\Illuminate\\Foundation\\Providers\\ArtisanServiceProvider.php(649): Illuminate\\Container\\Container->offsetGet('queue.listener')
#7 D:\\Xampp\\htdocs\\Quanlykho_Barcode\\vendor\\laravel\\framework\\src\\Illuminate\\Container\\Container.php(952): Illuminate\\Foundation\\Providers\\ArtisanServiceProvider->Illuminate\\Foundation\\Providers\\{closure}(Object(Illuminate\\Foundation\\Application), Array)
#8 D:\\Xampp\\htdocs\\Quanlykho_Barcode\\vendor\\laravel\\framework\\src\\Illuminate\\Container\\Container.php(832): Illuminate\\Container\\Container->build(Object(Closure))
#9 D:\\Xampp\\htdocs\\Quanlykho_Barcode\\vendor\\laravel\\framework\\src\\Illuminate\\Foundation\\Application.php(1078): Illuminate\\Container\\Container->resolve('Illuminate\\\\Queu...', Array, true)
#10 D:\\Xampp\\htdocs\\Quanlykho_Barcode\\vendor\\laravel\\framework\\src\\Illuminate\\Container\\Container.php(777): Illuminate\\Foundation\\Application->resolve('Illuminate\\\\Queu...')
#11 D:\\Xampp\\htdocs\\Quanlykho_Barcode\\vendor\\laravel\\framework\\src\\Illuminate\\Console\\ContainerCommandLoader.php(53): Illuminate\\Container\\Container->get('Illuminate\\\\Queu...')
#12 D:\\Xampp\\htdocs\\Quanlykho_Barcode\\vendor\\symfony\\console\\Application.php(642): Illuminate\\Console\\ContainerCommandLoader->get('queue:listen')
#13 D:\\Xampp\\htdocs\\Quanlykho_Barcode\\vendor\\symfony\\console\\Application.php(831): Symfony\\Component\\Console\\Application->has('queue:listen')
#14 D:\\Xampp\\htdocs\\Quanlykho_Barcode\\vendor\\symfony\\console\\Application.php(655): Symfony\\Component\\Console\\Application->all()
#15 D:\\Xampp\\htdocs\\Quanlykho_Barcode\\vendor\\symfony\\console\\Application.php(677): Symfony\\Component\\Console\\Application->getNamespaces()
#16 D:\\Xampp\\htdocs\\Quanlykho_Barcode\\vendor\\symfony\\console\\Application.php(332): Symfony\\Component\\Console\\Application->findNamespace('test')
#17 D:\\Xampp\\htdocs\\Quanlykho_Barcode\\vendor\\symfony\\console\\Application.php(195): Symfony\\Component\\Console\\Application->doRun(Object(Symfony\\Component\\Console\\Input\\ArgvInput), Object(Symfony\\Component\\Console\\Output\\ConsoleOutput))
#18 D:\\Xampp\\htdocs\\Quanlykho_Barcode\\vendor\\laravel\\framework\\src\\Illuminate\\Foundation\\Console\\Kernel.php(198): Symfony\\Component\\Console\\Application->run(Object(Symfony\\Component\\Console\\Input\\ArgvInput), Object(Symfony\\Component\\Console\\Output\\ConsoleOutput))
#19 D:\\Xampp\\htdocs\\Quanlykho_Barcode\\artisan(14): Illuminate\\Foundation\\Console\\Kernel->handle(Object(Symfony\\Component\\Console\\Input\\ArgvInput), Object(Symfony\\Component\\Console\\Output\\ConsoleOutput))
#20 {main}
"} 
[2025-12-24 09:21:33] local.ERROR: Command "test" is not defined.

Did you mean one of these?
    make:test
    schedule:test {"exception":"[object] (Symfony\\Component\\Console\\Exception\\CommandNotFoundException(code: 0): Command \"test\" is not defined.

Did you mean one of these?
    make:test
    schedule:test at D:\\Xampp\\htdocs\\Quanlykho_Barcode\\vendor\\symfony\\console\\Application.php:759)
[stacktrace]
#0 D:\\Xampp\\htdocs\\Quanlykho_Barcode\\vendor\\symfony\\console\\Application.php(298): Symfony\\Component\\Console\\Application->find('test')
#1 D:\\Xampp\\htdocs\\Quanlykho_Barcode\\vendor\\symfony\\console\\Application.php(195): Symfony\\Component\\Console\\Application->doRun(Object(Symfony\\Component\\Console\\Input\\ArgvInput), Object(Symfony\\Component\\Console\\Output\\ConsoleOutput))
#2 D:\\Xampp\\htdocs\\Quanlykho_Barcode\\vendor\\laravel\\framework\\src\\Illuminate\\Foundation\\Console\\Kernel.php(198): Symfony\\Component\\Console\\Application->run(Object(Symfony\\Component\\Console\\Input\\ArgvInput), Object(Symfony\\Component\\Console\\Output\\ConsoleOutput))
#3 D:\\Xampp\\htdocs\\Quanlykho_Barcode\\artisan(14): Illuminate\\Foundation\\Console\\Kernel->handle(Object(Symfony\\Component\\Console\\Input\\ArgvInput), Object(Symfony\\Component\\Console\\Output\\ConsoleOutput))
#4 {main}
"} 
[2025-12-24 09:29:49] local.ERROR: Class "App\Http\Controllers\Controller" not found {"userId":1,"exception":"[object] (Error(code: 0): Class \"App\\Http\\Controllers\\Controller\" not found at D:\\Xampp\\htdocs\\Quanlykho_Barcode\\app\\Http\\Controllers\\Api\\Stock\\StockInController.php:13)
[stacktrace]
#0 D:\\Xampp\\htdocs\\Quanlykho_Barcode\\vendor\\composer\\ClassLoader.php(576): include()
#1 D:\\Xampp\\htdocs\\Quanlykho_Barcode\\vendor\\composer\\ClassLoader.php(427): Composer\\Autoload\\{closure}('D:\\\\Xampp\\\\htdocs...')
#2 [internal function]: Composer\\Autoload\\ClassLoader->loadClass('App\\\\Http\\\\Contro...')
#3 D:\\Xampp\\htdocs\\Quanlykho_Barcode\\vendor\\laravel\\framework\\src\\Illuminate\\Routing\\Route.php(1117): is_a('App\\\\Http\\\\Contro...', 'Illuminate\\\\Rout...', true)
#4 D:\\Xampp\\htdocs\\Quanlykho_Barcode\\vendor\\laravel\\framework\\src\\Illuminate\\Routing\\Route.php(1054): Illuminate\\Routing\\Route->controllerMiddleware()
#5 D:\\Xampp\\htdocs\\Quanlykho_Barcode\\vendor\\laravel\\framework\\src\\Illuminate\\Routing\\Router.php(820): Illuminate\\Routing\\Route->gatherMiddleware()
#6 D:\\Xampp\\htdocs\\Quanlykho_Barcode\\vendor\\laravel\\framework\\src\\Illuminate\\Routing\\Router.php(802): Illuminate\\Routing\\Router->gatherRouteMiddleware(Object(Illuminate\\Routing\\Route))
#7 D:\\Xampp\\htdocs\\Quanlykho_Barcode\\vendor\\laravel\\framework\\src\\Illuminate\\Routing\\Router.php(786): Illuminate\\Routing\\Router->runRouteWithinStack(Object(Illuminate\\Routing\\Route), Object(Illuminate\\Http\\Request))
#8 D:\\Xampp\\htdocs\\Quanlykho_Barcode\\vendor\\laravel\\framework\\src\\Illuminate\\Routing\\Router.php(750): Illuminate\\Routing\\Router->runRoute(Object(Illuminate\\Http\\Request), Object(Illuminate\\Routing\\Route))
#9 D:\\Xampp\\htdocs\\Quanlykho_Barcode\\vendor\\laravel\\framework\\src\\Illuminate\\Routing\\Router.php(739): Illuminate\\Routing\\Router->dispatchToRoute(Object(Illuminate\\Http\\Request))
#10 D:\\Xampp\\htdocs\\Quanlykho_Barcode\\vendor\\laravel\\framework\\src\\Illuminate\\Foundation\\Http\\Kernel.php(201): Illuminate\\Routing\\Router->dispatch(Object(Illuminate\\Http\\Request))
#11 D:\\Xampp\\htdocs\\Quanlykho_Barcode\\vendor\\laravel\\framework\\src\\Illuminate\\Pipeline\\Pipeline.php(170): Illuminate\\Foundation\\Http\\Kernel->Illuminate\\Foundation\\Http\\{closure}(Object(Illuminate\\Http\\Request))
#12 D:\\Xampp\\htdocs\\Quanlykho_Barcode\\vendor\\laravel\\framework\\src\\Illuminate\\Pipeline\\Pipeline.php(127): Illuminate\\Pipeline\\Pipeline->Illuminate\\Pipeline\\{closure}(Object(Illuminate\\Http\\Request))
#13 D:\\Xampp\\htdocs\\Quanlykho_Barcode\\vendor\\laravel\\framework\\src\\Illuminate\\Foundation\\Http\\Kernel.php(176): Illuminate\\Pipeline\\Pipeline->then(Object(Closure))
#14 D:\\Xampp\\htdocs\\Quanlykho_Barcode\\vendor\\laravel\\framework\\src\\Illuminate\\Foundation\\Http\\Kernel.php(145): Illuminate\\Foundation\\Http\\Kernel->sendRequestThroughRouter(Object(Illuminate\\Http\\Request))
#15 D:\\Xampp\\htdocs\\Quanlykho_Barcode\\vendor\\laravel\\framework\\src\\Illuminate\\Foundation\\Testing\\Concerns\\MakesHttpRequests.php(607): Illuminate\\Foundation\\Http\\Kernel->handle(Object(Illuminate\\Http\\Request))
#16 D:\\Xampp\\htdocs\\Quanlykho_Barcode\\vendor\\laravel\\framework\\src\\Illuminate\\Foundation\\Testing\\Concerns\\MakesHttpRequests.php(573): Illuminate\\Foundation\\Testing\\TestCase->call('POST', '/api/v1/stock/i...', Array, Array, Array, Array, '{\"product_id\":1...')
#17 D:\\Xampp\\htdocs\\Quanlykho_Barcode\\vendor\\laravel\\framework\\src\\Illuminate\\Foundation\\Testing\\Concerns\\MakesHttpRequests.php(411): Illuminate\\Foundation\\Testing\\TestCase->json('POST', '/api/v1/stock/i...', Array, Array, 0)
#18 D:\\Xampp\\htdocs\\Quanlykho_Barcode\\tests\\Feature\\StockMovementTest.php(33): Illuminate\\Foundation\\Testing\\TestCase->postJson('/api/v1/stock/i...', Array)
#19 D:\\Xampp\\htdocs\\Quanlykho_Barcode\\vendor\\phpunit\\phpunit\\src\\Framework\\TestCase.php(1657): Tests\\Feature\\StockMovementTest->test_stock_in_and_out_flow()
#20 D:\\Xampp\\htdocs\\Quanlykho_Barcode\\vendor\\phpunit\\phpunit\\src\\Framework\\TestCase.php(515): PHPUnit\\Framework\\TestCase->runTest()
#21 D:\\Xampp\\htdocs\\Quanlykho_Barcode\\vendor\\phpunit\\phpunit\\src\\Framework\\TestRunner\\TestRunner.php(87): PHPUnit\\Framework\\TestCase->runBare()
#22 D:\\Xampp\\htdocs\\Quanlykho_Barcode\\vendor\\phpunit\\phpunit\\src\\Framework\\TestCase.php(361): PHPUnit\\Framework\\TestRunner->run(Object(Tests\\Feature\\StockMovementTest))
#23 D:\\Xampp\\htdocs\\Quanlykho_Barcode\\vendor\\phpunit\\phpunit\\src\\Framework\\TestSuite.php(369): PHPUnit\\Framework\\TestCase->run()
#24 D:\\Xampp\\htdocs\\Quanlykho_Barcode\\vendor\\phpunit\\phpunit\\src\\TextUI\\TestRunner.php(64): PHPUnit\\Framework\\TestSuite->run()
#25 D:\\Xampp\\htdocs\\Quanlykho_Barcode\\vendor\\phpunit\\phpunit\\src\\TextUI\\Application.php(211): PHPUnit\\TextUI\\TestRunner->run(Object(PHPUnit\\TextUI\\Configuration\\Configuration), Object(PHPUnit\\Runner\\ResultCache\\DefaultResultCache), Object(PHPUnit\\Framework\\TestSuite))
#26 D:\\Xampp\\htdocs\\Quanlykho_Barcode\\vendor\\phpunit\\phpunit\\phpunit(104): PHPUnit\\TextUI\\Application->run(Array)
#27 D:\\Xampp\\htdocs\\Quanlykho_Barcode\\vendor\\bin\\phpunit(122): include('D:\\\\Xampp\\\\htdocs...')
#28 {main}
"} 
[2025-12-24 09:30:07] local.ERROR: Class "App\Http\Controllers\Controller" not found {"userId":1,"exception":"[object] (Error(code: 0): Class \"App\\Http\\Controllers\\Controller\" not found at D:\\Xampp\\htdocs\\Quanlykho_Barcode\\app\\Http\\Controllers\\Api\\Stock\\StockInController.php:13)
[stacktrace]
#0 D:\\Xampp\\htdocs\\Quanlykho_Barcode\\vendor\\composer\\ClassLoader.php(576): include()
#1 D:\\Xampp\\htdocs\\Quanlykho_Barcode\\vendor\\composer\\ClassLoader.php(427): Composer\\Autoload\\{closure}('D:\\\\Xampp\\\\htdocs...')
#2 [internal function]: Composer\\Autoload\\ClassLoader->loadClass('App\\\\Http\\\\Contro...')
#3 D:\\Xampp\\htdocs\\Quanlykho_Barcode\\vendor\\laravel\\framework\\src\\Illuminate\\Routing\\Route.php(1117): is_a('App\\\\Http\\\\Contro...', 'Illuminate\\\\Rout...', true)
#4 D:\\Xampp\\htdocs\\Quanlykho_Barcode\\vendor\\laravel\\framework\\src\\Illuminate\\Routing\\Route.php(1054): Illuminate\\Routing\\Route->controllerMiddleware()
#5 D:\\Xampp\\htdocs\\Quanlykho_Barcode\\vendor\\laravel\\framework\\src\\Illuminate\\Routing\\Router.php(820): Illuminate\\Routing\\Route->gatherMiddleware()
#6 D:\\Xampp\\htdocs\\Quanlykho_Barcode\\vendor\\laravel\\framework\\src\\Illuminate\\Routing\\Router.php(802): Illuminate\\Routing\\Router->gatherRouteMiddleware(Object(Illuminate\\Routing\\Route))
#7 D:\\Xampp\\htdocs\\Quanlykho_Barcode\\vendor\\laravel\\framework\\src\\Illuminate\\Routing\\Router.php(786): Illuminate\\Routing\\Router->runRouteWithinStack(Object(Illuminate\\Routing\\Route), Object(Illuminate\\Http\\Request))
#8 D:\\Xampp\\htdocs\\Quanlykho_Barcode\\vendor\\laravel\\framework\\src\\Illuminate\\Routing\\Router.php(750): Illuminate\\Routing\\Router->runRoute(Object(Illuminate\\Http\\Request), Object(Illuminate\\Routing\\Route))
#9 D:\\Xampp\\htdocs\\Quanlykho_Barcode\\vendor\\laravel\\framework\\src\\Illuminate\\Routing\\Router.php(739): Illuminate\\Routing\\Router->dispatchToRoute(Object(Illuminate\\Http\\Request))
#10 D:\\Xampp\\htdocs\\Quanlykho_Barcode\\vendor\\laravel\\framework\\src\\Illuminate\\Foundation\\Http\\Kernel.php(201): Illuminate\\Routing\\Router->dispatch(Object(Illuminate\\Http\\Request))
#11 D:\\Xampp\\htdocs\\Quanlykho_Barcode\\vendor\\laravel\\framework\\src\\Illuminate\\Pipeline\\Pipeline.php(170): Illuminate\\Foundation\\Http\\Kernel->Illuminate\\Foundation\\Http\\{closure}(Object(Illuminate\\Http\\Request))
#12 D:\\Xampp\\htdocs\\Quanlykho_Barcode\\vendor\\laravel\\framework\\src\\Illuminate\\Pipeline\\Pipeline.php(127): Illuminate\\Pipeline\\Pipeline->Illuminate\\Pipeline\\{closure}(Object(Illuminate\\Http\\Request))
#13 D:\\Xampp\\htdocs\\Quanlykho_Barcode\\vendor\\laravel\\framework\\src\\Illuminate\\Foundation\\Http\\Kernel.php(176): Illuminate\\Pipeline\\Pipeline->then(Object(Closure))
#14 D:\\Xampp\\htdocs\\Quanlykho_Barcode\\vendor\\laravel\\framework\\src\\Illuminate\\Foundation\\Http\\Kernel.php(145): Illuminate\\Foundation\\Http\\Kernel->sendRequestThroughRouter(Object(Illuminate\\Http\\Request))
#15 D:\\Xampp\\htdocs\\Quanlykho_Barcode\\vendor\\laravel\\framework\\src\\Illuminate\\Foundation\\Testing\\Concerns\\MakesHttpRequests.php(607): Illuminate\\Foundation\\Http\\Kernel->handle(Object(Illuminate\\Http\\Request))
#16 D:\\Xampp\\htdocs\\Quanlykho_Barcode\\vendor\\laravel\\framework\\src\\Illuminate\\Foundation\\Testing\\Concerns\\MakesHttpRequests.php(573): Illuminate\\Foundation\\Testing\\TestCase->call('POST', '/api/v1/stock/i...', Array, Array, Array, Array, '{\"product_id\":1...')
#17 D:\\Xampp\\htdocs\\Quanlykho_Barcode\\vendor\\laravel\\framework\\src\\Illuminate\\Foundation\\Testing\\Concerns\\MakesHttpRequests.php(411): Illuminate\\Foundation\\Testing\\TestCase->json('POST', '/api/v1/stock/i...', Array, Array, 0)
#18 D:\\Xampp\\htdocs\\Quanlykho_Barcode\\tests\\Feature\\StockMovementTest.php(33): Illuminate\\Foundation\\Testing\\TestCase->postJson('/api/v1/stock/i...', Array)
#19 D:\\Xampp\\htdocs\\Quanlykho_Barcode\\vendor\\phpunit\\phpunit\\src\\Framework\\TestCase.php(1657): Tests\\Feature\\StockMovementTest->test_stock_in_and_out_flow()
#20 D:\\Xampp\\htdocs\\Quanlykho_Barcode\\vendor\\phpunit\\phpunit\\src\\Framework\\TestCase.php(515): PHPUnit\\Framework\\TestCase->runTest()
#21 D:\\Xampp\\htdocs\\Quanlykho_Barcode\\vendor\\phpunit\\phpunit\\src\\Framework\\TestRunner\\TestRunner.php(87): PHPUnit\\Framework\\TestCase->runBare()
#22 D:\\Xampp\\htdocs\\Quanlykho_Barcode\\vendor\\phpunit\\phpunit\\src\\Framework\\TestCase.php(361): PHPUnit\\Framework\\TestRunner->run(Object(Tests\\Feature\\StockMovementTest))
#23 D:\\Xampp\\htdocs\\Quanlykho_Barcode\\vendor\\phpunit\\phpunit\\src\\Framework\\TestSuite.php(369): PHPUnit\\Framework\\TestCase->run()
#24 D:\\Xampp\\htdocs\\Quanlykho_Barcode\\vendor\\phpunit\\phpunit\\src\\TextUI\\TestRunner.php(64): PHPUnit\\Framework\\TestSuite->run()
#25 D:\\Xampp\\htdocs\\Quanlykho_Barcode\\vendor\\phpunit\\phpunit\\src\\TextUI\\Application.php(211): PHPUnit\\TextUI\\TestRunner->run(Object(PHPUnit\\TextUI\\Configuration\\Configuration), Object(PHPUnit\\Runner\\ResultCache\\DefaultResultCache), Object(PHPUnit\\Framework\\TestSuite))
#26 D:\\Xampp\\htdocs\\Quanlykho_Barcode\\vendor\\phpunit\\phpunit\\phpunit(104): PHPUnit\\TextUI\\Application->run(Array)
#27 D:\\Xampp\\htdocs\\Quanlykho_Barcode\\vendor\\bin\\phpunit(122): include('D:\\\\Xampp\\\\htdocs...')
#28 {main}
"} 
[2025-12-24 09:30:30] local.ERROR: Method Illuminate\Http\Request::validate does not exist. {"userId":1,"exception":"[object] (BadMethodCallException(code: 0): Method Illuminate\\Http\\Request::validate does not exist. at D:\\Xampp\\htdocs\\Quanlykho_Barcode\\vendor\\laravel\\framework\\src\\Illuminate\\Macroable\\Traits\\Macroable.php:115)
[stacktrace]
#0 D:\\Xampp\\htdocs\\Quanlykho_Barcode\\app\\Http\\Controllers\\Api\\Stock\\StockInController.php(17): Illuminate\\Http\\Request->__call('validate', Array)
#1 D:\\Xampp\\htdocs\\Quanlykho_Barcode\\vendor\\laravel\\framework\\src\\Illuminate\\Routing\\Controller.php(54): App\\Http\\Controllers\\Api\\Stock\\StockInController->store(Object(Illuminate\\Http\\Request))
#2 D:\\Xampp\\htdocs\\Quanlykho_Barcode\\vendor\\laravel\\framework\\src\\Illuminate\\Routing\\ControllerDispatcher.php(44): Illuminate\\Routing\\Controller->callAction('store', Array)
#3 D:\\Xampp\\htdocs\\Quanlykho_Barcode\\vendor\\laravel\\framework\\src\\Illuminate\\Routing\\Route.php(266): Illuminate\\Routing\\ControllerDispatcher->dispatch(Object(Illuminate\\Routing\\Route), Object(App\\Http\\Controllers\\Api\\Stock\\StockInController), 'store')
#4 D:\\Xampp\\htdocs\\Quanlykho_Barcode\\vendor\\laravel\\framework\\src\\Illuminate\\Routing\\Route.php(212): Illuminate\\Routing\\Route->runController()
#5 D:\\Xampp\\htdocs\\Quanlykho_Barcode\\vendor\\laravel\\framework\\src\\Illuminate\\Routing\\Router.php(808): Illuminate\\Routing\\Route->run()
#6 D:\\Xampp\\htdocs\\Quanlykho_Barcode\\vendor\\laravel\\framework\\src\\Illuminate\\Pipeline\\Pipeline.php(170): Illuminate\\Routing\\Router->Illuminate\\Routing\\{closure}(Object(Illuminate\\Http\\Request))
#7 D:\\Xampp\\htdocs\\Quanlykho_Barcode\\vendor\\laravel\\framework\\src\\Illuminate\\Auth\\Middleware\\Authenticate.php(64): Illuminate\\Pipeline\\Pipeline->Illuminate\\Pipeline\\{closure}(Object(Illuminate\\Http\\Request))
#8 D:\\Xampp\\htdocs\\Quanlykho_Barcode\\vendor\\laravel\\framework\\src\\Illuminate\\Pipeline\\Pipeline.php(209): Illuminate\\Auth\\Middleware\\Authenticate->handle(Object(Illuminate\\Http\\Request), Object(Closure), 'sanctum')
#9 D:\\Xampp\\htdocs\\Quanlykho_Barcode\\vendor\\laravel\\framework\\src\\Illuminate\\Pipeline\\Pipeline.php(127): Illuminate\\Pipeline\\Pipeline->Illuminate\\Pipeline\\{closure}(Object(Illuminate\\Http\\Request))
#10 D:\\Xampp\\htdocs\\Quanlykho_Barcode\\vendor\\laravel\\framework\\src\\Illuminate\\Routing\\Router.php(807): Illuminate\\Pipeline\\Pipeline->then(Object(Closure))
#11 D:\\Xampp\\htdocs\\Quanlykho_Barcode\\vendor\\laravel\\framework\\src\\Illuminate\\Routing\\Router.php(786): Illuminate\\Routing\\Router->runRouteWithinStack(Object(Illuminate\\Routing\\Route), Object(Illuminate\\Http\\Request))
#12 D:\\Xampp\\htdocs\\Quanlykho_Barcode\\vendor\\laravel\\framework\\src\\Illuminate\\Routing\\Router.php(750): Illuminate\\Routing\\Router->runRoute(Object(Illuminate\\Http\\Request), Object(Illuminate\\Routing\\Route))
#13 D:\\Xampp\\htdocs\\Quanlykho_Barcode\\vendor\\laravel\\framework\\src\\Illuminate\\Routing\\Router.php(739): Illuminate\\Routing\\Router->dispatchToRoute(Object(Illuminate\\Http\\Request))
#14 D:\\Xampp\\htdocs\\Quanlykho_Barcode\\vendor\\laravel\\framework\\src\\Illuminate\\Foundation\\Http\\Kernel.php(201): Illuminate\\Routing\\Router->dispatch(Object(Illuminate\\Http\\Request))
#15 D:\\Xampp\\htdocs\\Quanlykho_Barcode\\vendor\\laravel\\framework\\src\\Illuminate\\Pipeline\\Pipeline.php(170): Illuminate\\Foundation\\Http\\Kernel->Illuminate\\Foundation\\Http\\{closure}(Object(Illuminate\\Http\\Request))
#16 D:\\Xampp\\htdocs\\Quanlykho_Barcode\\vendor\\laravel\\framework\\src\\Illuminate\\Pipeline\\Pipeline.php(127): Illuminate\\Pipeline\\Pipeline->Illuminate\\Pipeline\\{closure}(Object(Illuminate\\Http\\Request))
#17 D:\\Xampp\\htdocs\\Quanlykho_Barcode\\vendor\\laravel\\framework\\src\\Illuminate\\Foundation\\Http\\Kernel.php(176): Illuminate\\Pipeline\\Pipeline->then(Object(Closure))
#18 D:\\Xampp\\htdocs\\Quanlykho_Barcode\\vendor\\laravel\\framework\\src\\Illuminate\\Foundation\\Http\\Kernel.php(145): Illuminate\\Foundation\\Http\\Kernel->sendRequestThroughRouter(Object(Illuminate\\Http\\Request))
#19 D:\\Xampp\\htdocs\\Quanlykho_Barcode\\vendor\\laravel\\framework\\src\\Illuminate\\Foundation\\Testing\\Concerns\\MakesHttpRequests.php(607): Illuminate\\Foundation\\Http\\Kernel->handle(Object(Illuminate\\Http\\Request))
#20 D:\\Xampp\\htdocs\\Quanlykho_Barcode\\vendor\\laravel\\framework\\src\\Illuminate\\Foundation\\Testing\\Concerns\\MakesHttpRequests.php(573): Illuminate\\Foundation\\Testing\\TestCase->call('POST', '/api/v1/stock/i...', Array, Array, Array, Array, '{\"product_id\":1...')
#21 D:\\Xampp\\htdocs\\Quanlykho_Barcode\\vendor\\laravel\\framework\\src\\Illuminate\\Foundation\\Testing\\Concerns\\MakesHttpRequests.php(411): Illuminate\\Foundation\\Testing\\TestCase->json('POST', '/api/v1/stock/i...', Array, Array, 0)
#22 D:\\Xampp\\htdocs\\Quanlykho_Barcode\\tests\\Feature\\StockMovementTest.php(33): Illuminate\\Foundation\\Testing\\TestCase->postJson('/api/v1/stock/i...', Array)
#23 D:\\Xampp\\htdocs\\Quanlykho_Barcode\\vendor\\phpunit\\phpunit\\src\\Framework\\TestCase.php(1657): Tests\\Feature\\StockMovementTest->test_stock_in_and_out_flow()
#24 D:\\Xampp\\htdocs\\Quanlykho_Barcode\\vendor\\phpunit\\phpunit\\src\\Framework\\TestCase.php(515): PHPUnit\\Framework\\TestCase->runTest()
#25 D:\\Xampp\\htdocs\\Quanlykho_Barcode\\vendor\\phpunit\\phpunit\\src\\Framework\\TestRunner\\TestRunner.php(87): PHPUnit\\Framework\\TestCase->runBare()
#26 D:\\Xampp\\htdocs\\Quanlykho_Barcode\\vendor\\phpunit\\phpunit\\src\\Framework\\TestCase.php(361): PHPUnit\\Framework\\TestRunner->run(Object(Tests\\Feature\\StockMovementTest))
#27 D:\\Xampp\\htdocs\\Quanlykho_Barcode\\vendor\\phpunit\\phpunit\\src\\Framework\\TestSuite.php(369): PHPUnit\\Framework\\TestCase->run()
#28 D:\\Xampp\\htdocs\\Quanlykho_Barcode\\vendor\\phpunit\\phpunit\\src\\TextUI\\TestRunner.php(64): PHPUnit\\Framework\\TestSuite->run()
#29 D:\\Xampp\\htdocs\\Quanlykho_Barcode\\vendor\\phpunit\\phpunit\\src\\TextUI\\Application.php(211): PHPUnit\\TextUI\\TestRunner->run(Object(PHPUnit\\TextUI\\Configuration\\Configuration), Object(PHPUnit\\Runner\\ResultCache\\DefaultResultCache), Object(PHPUnit\\Framework\\TestSuite))
#30 D:\\Xampp\\htdocs\\Quanlykho_Barcode\\vendor\\phpunit\\phpunit\\phpunit(104): PHPUnit\\TextUI\\Application->run(Array)
#31 D:\\Xampp\\htdocs\\Quanlykho_Barcode\\vendor\\bin\\phpunit(122): include('D:\\\\Xampp\\\\htdocs...')
#32 {main}
"} 
[2025-12-24 09:31:20] local.ERROR: Method Illuminate\Http\Request::validate does not exist. {"userId":1,"exception":"[object] (BadMethodCallException(code: 0): Method Illuminate\\Http\\Request::validate does not exist. at D:\\Xampp\\htdocs\\Quanlykho_Barcode\\vendor\\laravel\\framework\\src\\Illuminate\\Macroable\\Traits\\Macroable.php:115)
[stacktrace]
#0 D:\\Xampp\\htdocs\\Quanlykho_Barcode\\app\\Http\\Controllers\\Api\\Stock\\StockInController.php(17): Illuminate\\Http\\Request->__call('validate', Array)
#1 D:\\Xampp\\htdocs\\Quanlykho_Barcode\\vendor\\laravel\\framework\\src\\Illuminate\\Routing\\Controller.php(54): App\\Http\\Controllers\\Api\\Stock\\StockInController->store(Object(Illuminate\\Http\\Request))
#2 D:\\Xampp\\htdocs\\Quanlykho_Barcode\\vendor\\laravel\\framework\\src\\Illuminate\\Routing\\ControllerDispatcher.php(44): Illuminate\\Routing\\Controller->callAction('store', Array)
#3 D:\\Xampp\\htdocs\\Quanlykho_Barcode\\vendor\\laravel\\framework\\src\\Illuminate\\Routing\\Route.php(266): Illuminate\\Routing\\ControllerDispatcher->dispatch(Object(Illuminate\\Routing\\Route), Object(App\\Http\\Controllers\\Api\\Stock\\StockInController), 'store')
#4 D:\\Xampp\\htdocs\\Quanlykho_Barcode\\vendor\\laravel\\framework\\src\\Illuminate\\Routing\\Route.php(212): Illuminate\\Routing\\Route->runController()
#5 D:\\Xampp\\htdocs\\Quanlykho_Barcode\\vendor\\laravel\\framework\\src\\Illuminate\\Routing\\Router.php(808): Illuminate\\Routing\\Route->run()
#6 D:\\Xampp\\htdocs\\Quanlykho_Barcode\\vendor\\laravel\\framework\\src\\Illuminate\\Pipeline\\Pipeline.php(170): Illuminate\\Routing\\Router->Illuminate\\Routing\\{closure}(Object(Illuminate\\Http\\Request))
#7 D:\\Xampp\\htdocs\\Quanlykho_Barcode\\vendor\\laravel\\framework\\src\\Illuminate\\Auth\\Middleware\\Authenticate.php(64): Illuminate\\Pipeline\\Pipeline->Illuminate\\Pipeline\\{closure}(Object(Illuminate\\Http\\Request))
#8 D:\\Xampp\\htdocs\\Quanlykho_Barcode\\vendor\\laravel\\framework\\src\\Illuminate\\Pipeline\\Pipeline.php(209): Illuminate\\Auth\\Middleware\\Authenticate->handle(Object(Illuminate\\Http\\Request), Object(Closure), 'sanctum')
#9 D:\\Xampp\\htdocs\\Quanlykho_Barcode\\vendor\\laravel\\framework\\src\\Illuminate\\Pipeline\\Pipeline.php(127): Illuminate\\Pipeline\\Pipeline->Illuminate\\Pipeline\\{closure}(Object(Illuminate\\Http\\Request))
#10 D:\\Xampp\\htdocs\\Quanlykho_Barcode\\vendor\\laravel\\framework\\src\\Illuminate\\Routing\\Router.php(807): Illuminate\\Pipeline\\Pipeline->then(Object(Closure))
#11 D:\\Xampp\\htdocs\\Quanlykho_Barcode\\vendor\\laravel\\framework\\src\\Illuminate\\Routing\\Router.php(786): Illuminate\\Routing\\Router->runRouteWithinStack(Object(Illuminate\\Routing\\Route), Object(Illuminate\\Http\\Request))
#12 D:\\Xampp\\htdocs\\Quanlykho_Barcode\\vendor\\laravel\\framework\\src\\Illuminate\\Routing\\Router.php(750): Illuminate\\Routing\\Router->runRoute(Object(Illuminate\\Http\\Request), Object(Illuminate\\Routing\\Route))
#13 D:\\Xampp\\htdocs\\Quanlykho_Barcode\\vendor\\laravel\\framework\\src\\Illuminate\\Routing\\Router.php(739): Illuminate\\Routing\\Router->dispatchToRoute(Object(Illuminate\\Http\\Request))
#14 D:\\Xampp\\htdocs\\Quanlykho_Barcode\\vendor\\laravel\\framework\\src\\Illuminate\\Foundation\\Http\\Kernel.php(201): Illuminate\\Routing\\Router->dispatch(Object(Illuminate\\Http\\Request))
#15 D:\\Xampp\\htdocs\\Quanlykho_Barcode\\vendor\\laravel\\framework\\src\\Illuminate\\Pipeline\\Pipeline.php(170): Illuminate\\Foundation\\Http\\Kernel->Illuminate\\Foundation\\Http\\{closure}(Object(Illuminate\\Http\\Request))
#16 D:\\Xampp\\htdocs\\Quanlykho_Barcode\\vendor\\laravel\\framework\\src\\Illuminate\\Pipeline\\Pipeline.php(127): Illuminate\\Pipeline\\Pipeline->Illuminate\\Pipeline\\{closure}(Object(Illuminate\\Http\\Request))
#17 D:\\Xampp\\htdocs\\Quanlykho_Barcode\\vendor\\laravel\\framework\\src\\Illuminate\\Foundation\\Http\\Kernel.php(176): Illuminate\\Pipeline\\Pipeline->then(Object(Closure))
#18 D:\\Xampp\\htdocs\\Quanlykho_Barcode\\vendor\\laravel\\framework\\src\\Illuminate\\Foundation\\Http\\Kernel.php(145): Illuminate\\Foundation\\Http\\Kernel->sendRequestThroughRouter(Object(Illuminate\\Http\\Request))
#19 D:\\Xampp\\htdocs\\Quanlykho_Barcode\\vendor\\laravel\\framework\\src\\Illuminate\\Foundation\\Testing\\Concerns\\MakesHttpRequests.php(607): Illuminate\\Foundation\\Http\\Kernel->handle(Object(Illuminate\\Http\\Request))
#20 D:\\Xampp\\htdocs\\Quanlykho_Barcode\\vendor\\laravel\\framework\\src\\Illuminate\\Foundation\\Testing\\Concerns\\MakesHttpRequests.php(573): Illuminate\\Foundation\\Testing\\TestCase->call('POST', '/api/v1/stock/i...', Array, Array, Array, Array, '{\"product_id\":1...')
#21 D:\\Xampp\\htdocs\\Quanlykho_Barcode\\vendor\\laravel\\framework\\src\\Illuminate\\Foundation\\Testing\\Concerns\\MakesHttpRequests.php(411): Illuminate\\Foundation\\Testing\\TestCase->json('POST', '/api/v1/stock/i...', Array, Array, 0)
#22 D:\\Xampp\\htdocs\\Quanlykho_Barcode\\tests\\Feature\\StockMovementTest.php(33): Illuminate\\Foundation\\Testing\\TestCase->postJson('/api/v1/stock/i...', Array)
#23 D:\\Xampp\\htdocs\\Quanlykho_Barcode\\vendor\\phpunit\\phpunit\\src\\Framework\\TestCase.php(1657): Tests\\Feature\\StockMovementTest->test_stock_in_and_out_flow()
#24 D:\\Xampp\\htdocs\\Quanlykho_Barcode\\vendor\\phpunit\\phpunit\\src\\Framework\\TestCase.php(515): PHPUnit\\Framework\\TestCase->runTest()
#25 D:\\Xampp\\htdocs\\Quanlykho_Barcode\\vendor\\phpunit\\phpunit\\src\\Framework\\TestRunner\\TestRunner.php(87): PHPUnit\\Framework\\TestCase->runBare()
#26 D:\\Xampp\\htdocs\\Quanlykho_Barcode\\vendor\\phpunit\\phpunit\\src\\Framework\\TestCase.php(361): PHPUnit\\Framework\\TestRunner->run(Object(Tests\\Feature\\StockMovementTest))
#27 D:\\Xampp\\htdocs\\Quanlykho_Barcode\\vendor\\phpunit\\phpunit\\src\\Framework\\TestSuite.php(369): PHPUnit\\Framework\\TestCase->run()
#28 D:\\Xampp\\htdocs\\Quanlykho_Barcode\\vendor\\phpunit\\phpunit\\src\\TextUI\\TestRunner.php(64): PHPUnit\\Framework\\TestSuite->run()
#29 D:\\Xampp\\htdocs\\Quanlykho_Barcode\\vendor\\phpunit\\phpunit\\src\\TextUI\\Application.php(211): PHPUnit\\TextUI\\TestRunner->run(Object(PHPUnit\\TextUI\\Configuration\\Configuration), Object(PHPUnit\\Runner\\ResultCache\\DefaultResultCache), Object(PHPUnit\\Framework\\TestSuite))
#30 D:\\Xampp\\htdocs\\Quanlykho_Barcode\\vendor\\phpunit\\phpunit\\phpunit(104): PHPUnit\\TextUI\\Application->run(Array)
#31 D:\\Xampp\\htdocs\\Quanlykho_Barcode\\vendor\\bin\\phpunit(122): include('D:\\\\Xampp\\\\htdocs...')
#32 {main}
"} 
[2025-12-24 09:33:28] local.ERROR: Method Illuminate\Http\Request::validate does not exist. {"userId":1,"exception":"[object] (BadMethodCallException(code: 0): Method Illuminate\\Http\\Request::validate does not exist. at D:\\Xampp\\htdocs\\Quanlykho_Barcode\\vendor\\laravel\\framework\\src\\Illuminate\\Macroable\\Traits\\Macroable.php:115)
[stacktrace]
#0 D:\\Xampp\\htdocs\\Quanlykho_Barcode\\app\\Http\\Controllers\\Api\\Stock\\StockInController.php(17): Illuminate\\Http\\Request->__call('validate', Array)
#1 D:\\Xampp\\htdocs\\Quanlykho_Barcode\\vendor\\laravel\\framework\\src\\Illuminate\\Routing\\Controller.php(54): App\\Http\\Controllers\\Api\\Stock\\StockInController->store(Object(Illuminate\\Http\\Request))
#2 D:\\Xampp\\htdocs\\Quanlykho_Barcode\\vendor\\laravel\\framework\\src\\Illuminate\\Routing\\ControllerDispatcher.php(44): Illuminate\\Routing\\Controller->callAction('store', Array)
#3 D:\\Xampp\\htdocs\\Quanlykho_Barcode\\vendor\\laravel\\framework\\src\\Illuminate\\Routing\\Route.php(266): Illuminate\\Routing\\ControllerDispatcher->dispatch(Object(Illuminate\\Routing\\Route), Object(App\\Http\\Controllers\\Api\\Stock\\StockInController), 'store')
#4 D:\\Xampp\\htdocs\\Quanlykho_Barcode\\vendor\\laravel\\framework\\src\\Illuminate\\Routing\\Route.php(212): Illuminate\\Routing\\Route->runController()
#5 D:\\Xampp\\htdocs\\Quanlykho_Barcode\\vendor\\laravel\\framework\\src\\Illuminate\\Routing\\Router.php(808): Illuminate\\Routing\\Route->run()
#6 D:\\Xampp\\htdocs\\Quanlykho_Barcode\\vendor\\laravel\\framework\\src\\Illuminate\\Pipeline\\Pipeline.php(170): Illuminate\\Routing\\Router->Illuminate\\Routing\\{closure}(Object(Illuminate\\Http\\Request))
#7 D:\\Xampp\\htdocs\\Quanlykho_Barcode\\vendor\\laravel\\framework\\src\\Illuminate\\Auth\\Middleware\\Authenticate.php(64): Illuminate\\Pipeline\\Pipeline->Illuminate\\Pipeline\\{closure}(Object(Illuminate\\Http\\Request))
#8 D:\\Xampp\\htdocs\\Quanlykho_Barcode\\vendor\\laravel\\framework\\src\\Illuminate\\Pipeline\\Pipeline.php(209): Illuminate\\Auth\\Middleware\\Authenticate->handle(Object(Illuminate\\Http\\Request), Object(Closure), 'sanctum')
#9 D:\\Xampp\\htdocs\\Quanlykho_Barcode\\vendor\\laravel\\framework\\src\\Illuminate\\Pipeline\\Pipeline.php(127): Illuminate\\Pipeline\\Pipeline->Illuminate\\Pipeline\\{closure}(Object(Illuminate\\Http\\Request))
#10 D:\\Xampp\\htdocs\\Quanlykho_Barcode\\vendor\\laravel\\framework\\src\\Illuminate\\Routing\\Router.php(807): Illuminate\\Pipeline\\Pipeline->then(Object(Closure))
#11 D:\\Xampp\\htdocs\\Quanlykho_Barcode\\vendor\\laravel\\framework\\src\\Illuminate\\Routing\\Router.php(786): Illuminate\\Routing\\Router->runRouteWithinStack(Object(Illuminate\\Routing\\Route), Object(Illuminate\\Http\\Request))
#12 D:\\Xampp\\htdocs\\Quanlykho_Barcode\\vendor\\laravel\\framework\\src\\Illuminate\\Routing\\Router.php(750): Illuminate\\Routing\\Router->runRoute(Object(Illuminate\\Http\\Request), Object(Illuminate\\Routing\\Route))
#13 D:\\Xampp\\htdocs\\Quanlykho_Barcode\\vendor\\laravel\\framework\\src\\Illuminate\\Routing\\Router.php(739): Illuminate\\Routing\\Router->dispatchToRoute(Object(Illuminate\\Http\\Request))
#14 D:\\Xampp\\htdocs\\Quanlykho_Barcode\\vendor\\laravel\\framework\\src\\Illuminate\\Foundation\\Http\\Kernel.php(201): Illuminate\\Routing\\Router->dispatch(Object(Illuminate\\Http\\Request))
#15 D:\\Xampp\\htdocs\\Quanlykho_Barcode\\vendor\\laravel\\framework\\src\\Illuminate\\Pipeline\\Pipeline.php(170): Illuminate\\Foundation\\Http\\Kernel->Illuminate\\Foundation\\Http\\{closure}(Object(Illuminate\\Http\\Request))
#16 D:\\Xampp\\htdocs\\Quanlykho_Barcode\\vendor\\laravel\\framework\\src\\Illuminate\\Pipeline\\Pipeline.php(127): Illuminate\\Pipeline\\Pipeline->Illuminate\\Pipeline\\{closure}(Object(Illuminate\\Http\\Request))
#17 D:\\Xampp\\htdocs\\Quanlykho_Barcode\\vendor\\laravel\\framework\\src\\Illuminate\\Foundation\\Http\\Kernel.php(176): Illuminate\\Pipeline\\Pipeline->then(Object(Closure))
#18 D:\\Xampp\\htdocs\\Quanlykho_Barcode\\vendor\\laravel\\framework\\src\\Illuminate\\Foundation\\Http\\Kernel.php(145): Illuminate\\Foundation\\Http\\Kernel->sendRequestThroughRouter(Object(Illuminate\\Http\\Request))
#19 D:\\Xampp\\htdocs\\Quanlykho_Barcode\\vendor\\laravel\\framework\\src\\Illuminate\\Foundation\\Testing\\Concerns\\MakesHttpRequests.php(607): Illuminate\\Foundation\\Http\\Kernel->handle(Object(Illuminate\\Http\\Request))
#20 D:\\Xampp\\htdocs\\Quanlykho_Barcode\\vendor\\laravel\\framework\\src\\Illuminate\\Foundation\\Testing\\Concerns\\MakesHttpRequests.php(573): Illuminate\\Foundation\\Testing\\TestCase->call('POST', '/api/v1/stock/i...', Array, Array, Array, Array, '{\"product_id\":1...')
#21 D:\\Xampp\\htdocs\\Quanlykho_Barcode\\vendor\\laravel\\framework\\src\\Illuminate\\Foundation\\Testing\\Concerns\\MakesHttpRequests.php(411): Illuminate\\Foundation\\Testing\\TestCase->json('POST', '/api/v1/stock/i...', Array, Array, 0)
#22 D:\\Xampp\\htdocs\\Quanlykho_Barcode\\tests\\Feature\\StockMovementTest.php(33): Illuminate\\Foundation\\Testing\\TestCase->postJson('/api/v1/stock/i...', Array)
#23 D:\\Xampp\\htdocs\\Quanlykho_Barcode\\vendor\\phpunit\\phpunit\\src\\Framework\\TestCase.php(1657): Tests\\Feature\\StockMovementTest->test_stock_in_and_out_flow()
#24 D:\\Xampp\\htdocs\\Quanlykho_Barcode\\vendor\\phpunit\\phpunit\\src\\Framework\\TestCase.php(515): PHPUnit\\Framework\\TestCase->runTest()
#25 D:\\Xampp\\htdocs\\Quanlykho_Barcode\\vendor\\phpunit\\phpunit\\src\\Framework\\TestRunner\\TestRunner.php(87): PHPUnit\\Framework\\TestCase->runBare()
#26 D:\\Xampp\\htdocs\\Quanlykho_Barcode\\vendor\\phpunit\\phpunit\\src\\Framework\\TestCase.php(361): PHPUnit\\Framework\\TestRunner->run(Object(Tests\\Feature\\StockMovementTest))
#27 D:\\Xampp\\htdocs\\Quanlykho_Barcode\\vendor\\phpunit\\phpunit\\src\\Framework\\TestSuite.php(369): PHPUnit\\Framework\\TestCase->run()
#28 D:\\Xampp\\htdocs\\Quanlykho_Barcode\\vendor\\phpunit\\phpunit\\src\\TextUI\\TestRunner.php(64): PHPUnit\\Framework\\TestSuite->run()
#29 D:\\Xampp\\htdocs\\Quanlykho_Barcode\\vendor\\phpunit\\phpunit\\src\\TextUI\\Application.php(211): PHPUnit\\TextUI\\TestRunner->run(Object(PHPUnit\\TextUI\\Configuration\\Configuration), Object(PHPUnit\\Runner\\ResultCache\\DefaultResultCache), Object(PHPUnit\\Framework\\TestSuite))
#30 D:\\Xampp\\htdocs\\Quanlykho_Barcode\\vendor\\phpunit\\phpunit\\phpunit(104): PHPUnit\\TextUI\\Application->run(Array)
#31 D:\\Xampp\\htdocs\\Quanlykho_Barcode\\vendor\\bin\\phpunit(122): include('D:\\\\Xampp\\\\htdocs...')
#32 {main}
"} 
